DeviceMacAddress| a5:50:97:93:02:96: |Throttled :748.5
DeviceMacAddress| 28:fb:99:84:81:2a: |Throttled :514.5
DeviceMacAddress| a5:ee:65:14:4f:21: |Throttled :741.0
DeviceMacAddress| 6b:36:ef:98:50:b4: |Throttled :665.25
DeviceMacAddress| 22:fd:4a:df:86:e8: |Throttled :499.5
DeviceMacAddress| 75:e0:0a:f8:f6:05: |Throttled :468.0
DeviceMacAddress| 3f:b3:72:8b:80:da: |Throttled :733.5
DeviceMacAddress| 40:66:4a:a7:6f:5e: |Throttled :634.5
DeviceMacAddress| 14:25:e9:4e:92:af: |Throttled :471.75
DeviceMacAddress| a5:50:97:93:02:96: |Throttled :748.5
DeviceMacAddress| b9:83:bc:53:80:7e: |Throttled :421.5
DeviceMacAddress| 28:fb:99:84:81:2a: |Throttled :514.5
DeviceMacAddress| a5:ee:65:14:4f:21: |Throttled :741.0
DeviceMacAddress| 6b:36:ef:98:50:b4: |Throttled :665.25
DeviceMacAddress| 90:81:92:25:19:5b: |Throttled :556.5
DeviceMacAddress| f1:c6:ce:53:51:ee: |Throttled :387.75
DeviceMacAddress| 99:5c:7a:a0:2f:7b: |Throttled :645.0
DeviceMacAddress| 22:fd:4a:df:86:e8: |Throttled :499.5
DeviceMacAddress| 75:e0:0a:f8:f6:05: |Throttled :468.0
DeviceMacAddress| 30:9e:ac:e9:c7:cf: |Throttled :407.25
DeviceMacAddress| 80:2b:f1:4c:68:72: |Throttled :447.0
DeviceMacAddress| 3f:b3:72:8b:80:da: |Throttled :733.5
DeviceMacAddress| 14:25:e9:4e:92:af: |Throttled :471.75
DeviceMacAddress| b9:83:bc:53:80:7e: |Throttled :421.5
DeviceMacAddress| c6:09:29:be:b4:5f: |Throttled :617.25
DeviceMacAddress| 90:81:92:25:19:5b: |Throttled :556.5
DeviceMacAddress| 86:a0:16:5d:7b:a1: |Throttled :555.75
DeviceMacAddress| 93:bc:89:49:7c:51: |Throttled :708.0
DeviceMacAddress| f1:c6:ce:53:51:ee: |Throttled :387.75
DeviceMacAddress| 99:5c:7a:a0:2f:7b: |Throttled :645.0
DeviceMacAddress| ca:16:ef:3c:8d:bc: |Throttled :508.5
DeviceMacAddress| b5:1e:3c:31:d6:21: |Throttled :495.0
DeviceMacAddress| f2:21:4a:79:57:30: |Throttled :581.25
DeviceMacAddress| 9d:c9:c6:0c:69:4e: |Throttled :665.25
DeviceMacAddress| 11:d9:c2:b7:0a:3a: |Throttled :633.0
DeviceMacAddress| d7:09:95:71:68:8f: |Throttled :408.0
DeviceMacAddress| 30:9e:ac:e9:c7:cf: |Throttled :407.25
DeviceMacAddress| b7:47:b3:6e:17:49: |Throttled :741.75
DeviceMacAddress| 80:2b:f1:4c:68:72: |Throttled :447.0
DeviceMacAddress| 02:f7:4c:17:b9:90: |Throttled :649.5
DeviceMacAddress| 00:57:d6:fa:4c:e8: |Throttled :402.0
DeviceMacAddress| 73:26:58:88:de:74: |Throttled :407.25
DeviceMacAddress| 5b:46:09:5a:7e:0c: |Throttled :614.25
DeviceMacAddress| 7c:f9:c8:34:c7:0c: |Throttled :506.25
DeviceMacAddress| c6:09:29:be:b4:5f: |Throttled :617.25
DeviceMacAddress| 86:a0:16:5d:7b:a1: |Throttled :555.75
DeviceMacAddress| 93:bc:89:49:7c:51: |Throttled :708.0
DeviceMacAddress| 83:d7:ae:d8:7f:af: |Throttled :634.5
DeviceMacAddress| ca:16:ef:3c:8d:bc: |Throttled :508.5
DeviceMacAddress| b5:1e:3c:31:d6:21: |Throttled :495.0
DeviceMacAddress| bc:81:48:ac:d1:86: |Throttled :702.75
DeviceMacAddress| f2:21:4a:79:57:30: |Throttled :581.25
DeviceMacAddress| 9d:c9:c6:0c:69:4e: |Throttled :665.25
DeviceMacAddress| 1b:64:79:79:af:48: |Throttled :586.5
DeviceMacAddress| 11:d9:c2:b7:0a:3a: |Throttled :633.0
DeviceMacAddress| d7:09:95:71:68:8f: |Throttled :408.0
DeviceMacAddress| b7:47:b3:6e:17:49: |Throttled :741.75
DeviceMacAddress| 55:d6:de:0e:fe:62: |Throttled :437.25
DeviceMacAddress| 02:f7:4c:17:b9:90: |Throttled :649.5
DeviceMacAddress| 0d:55:fa:db:10:71: |Throttled :384.0
DeviceMacAddress| 00:57:d6:fa:4c:e8: |Throttled :402.0
