DeviceMacAddress| ce:f3:1a:1f:ad:59: |Throttled :570.75
DeviceMacAddress| 9e:c7:fa:25:0f:bc: |Throttled :498.0
DeviceMacAddress| 72:8d:d8:3a:8d:54: |Throttled :674.25
DeviceMacAddress| 89:6f:d4:6b:25:44: |Throttled :392.25
DeviceMacAddress| 43:3c:1f:88:48:38: |Throttled :555.75
DeviceMacAddress| 48:9d:93:02:a1:95: |Throttled :727.5
DeviceMacAddress| 73:e0:6d:f4:4f:b9: |Throttled :429.75
DeviceMacAddress| e8:df:a5:f9:e7:de: |Throttled :709.5
DeviceMacAddress| 00:a6:ae:72:db:4e: |Throttled :474.0
DeviceMacAddress| ee:92:22:59:8d:65: |Throttled :621.75
DeviceMacAddress| 2c:d0:7e:9e:67:cf: |Throttled :576.75
DeviceMacAddress| 19:ba:bb:f7:6b:64: |Throttled :544.5
DeviceMacAddress| d0:89:5c:4a:e4:c8: |Throttled :688.5
DeviceMacAddress| b3:3f:1d:2e:b2:3f: |Throttled :464.25
DeviceMacAddress| ce:f3:1a:1f:ad:59: |Throttled :570.75
DeviceMacAddress| 8e:ae:eb:b0:62:ad: |Throttled :540.0
DeviceMacAddress| 9e:c7:fa:25:0f:bc: |Throttled :498.0
DeviceMacAddress| 12:b8:1b:f9:86:8a: |Throttled :624.75
DeviceMacAddress| 72:8d:d8:3a:8d:54: |Throttled :674.25
DeviceMacAddress| 2a:44:85:c4:99:a8: |Throttled :580.5
DeviceMacAddress| 89:6f:d4:6b:25:44: |Throttled :392.25
DeviceMacAddress| 43:3c:1f:88:48:38: |Throttled :555.75
DeviceMacAddress| 0e:3d:68:3b:d3:1b: |Throttled :381.75
DeviceMacAddress| e6:3c:37:85:c4:4e: |Throttled :519.75
DeviceMacAddress| 48:9d:93:02:a1:95: |Throttled :727.5
DeviceMacAddress| 97:24:c4:6c:eb:dc: |Throttled :512.25
DeviceMacAddress| 73:e0:6d:f4:4f:b9: |Throttled :429.75
DeviceMacAddress| 96:35:9f:15:49:c8: |Throttled :411.75
DeviceMacAddress| 9e:a7:69:ae:c6:b4: |Throttled :447.0
DeviceMacAddress| 56:5c:62:ef:31:cc: |Throttled :744.75
DeviceMacAddress| 00:a6:ae:72:db:4e: |Throttled :474.0
DeviceMacAddress| 97:e1:66:a7:81:e2: |Throttled :710.25
DeviceMacAddress| ee:92:22:59:8d:65: |Throttled :621.75
DeviceMacAddress| 2c:d0:7e:9e:67:cf: |Throttled :576.75
DeviceMacAddress| 44:3e:54:b3:3a:36: |Throttled :714.75
DeviceMacAddress| de:e9:51:e0:a4:30: |Throttled :641.25
DeviceMacAddress| d0:89:5c:4a:e4:c8: |Throttled :688.5
DeviceMacAddress| b3:3f:1d:2e:b2:3f: |Throttled :464.25
DeviceMacAddress| eb:c9:0a:f0:12:1e: |Throttled :425.25
DeviceMacAddress| 8e:ae:eb:b0:62:ad: |Throttled :540.0
DeviceMacAddress| 47:55:51:3e:a3:e7: |Throttled :699.75
DeviceMacAddress| 12:b8:1b:f9:86:8a: |Throttled :624.75
DeviceMacAddress| 3c:69:30:eb:24:bb: |Throttled :401.25
DeviceMacAddress| 2a:44:85:c4:99:a8: |Throttled :580.5
DeviceMacAddress| 82:2f:2b:22:2c:4b: |Throttled :488.25
DeviceMacAddress| 10:1f:a2:d1:4d:3c: |Throttled :718.5
DeviceMacAddress| 0e:3d:68:3b:d3:1b: |Throttled :381.75
DeviceMacAddress| e6:3c:37:85:c4:4e: |Throttled :519.75
DeviceMacAddress| 97:24:c4:6c:eb:dc: |Throttled :512.25
DeviceMacAddress| 48:c8:ce:88:e9:75: |Throttled :685.5
DeviceMacAddress| 96:35:9f:15:49:c8: |Throttled :411.75
DeviceMacAddress| a2:21:f9:81:61:35: |Throttled :475.5
DeviceMacAddress| 9e:a7:69:ae:c6:b4: |Throttled :447.0
DeviceMacAddress| 56:5c:62:ef:31:cc: |Throttled :744.75
DeviceMacAddress| 97:e1:66:a7:81:e2: |Throttled :710.25
DeviceMacAddress| 4f:78:32:26:fb:7c: |Throttled :618.0
DeviceMacAddress| 44:3e:54:b3:3a:36: |Throttled :714.75
DeviceMacAddress| de:e9:51:e0:a4:30: |Throttled :641.25
DeviceMacAddress| 4e:84:56:58:7a:65: |Throttled :681.75
DeviceMacAddress| eb:c9:0a:f0:12:1e: |Throttled :425.25
DeviceMacAddress| 54:78:68:ba:d0:5e: |Throttled :408.75
DeviceMacAddress| 47:55:51:3e:a3:e7: |Throttled :699.75
DeviceMacAddress| 3c:69:30:eb:24:bb: |Throttled :401.25
